<?xml version="1.0" encoding="UTF-8" ?>
<testsuite errors="0" failures="0" hostname="478-mac-10" name="com.develogical.crypto.ReverseCipherTest" tests="2" time="0.099" timestamp="2014-01-13T16:24:48">
  <properties>
[...]
</properties>
  <testcase classname="com.develogical.crypto.ReverseCipherTest" name="encodesStringReversingLetters" time="0.012" />
  <testcase classname="com.develogical.crypto.ReverseCipherTest" name="decodesStringSubstitutingLetters" time="0.0" />
  <system-out><![CDATA[]]></system-out>
  <system-err><![CDATA[]]></system-err>
</testsuite>
